<?xml version="1.0" encoding="UTF-8"?>
<testsuite name="Reserva de un viaje" tests="1" skipped="0" failures="0" errors="0" timestamp="2021-02-11T04:22:18" hostname="DESKTOP-5VJR672" time="43.114">
  <properties/>
  <testcase name="Seleccionar Paseos" classname="Reserva de un viaje" time="43.114"/>
  <system-out><![CDATA[





































]]></system-out>
  <system-err><![CDATA[feb 10, 2021 11:22:18 PM org.openqa.selenium.remote.DesiredCapabilities chrome
INFORMACIÓN: Using `new ChromeOptions()` is preferred to `DesiredCapabilities.chrome()`
Starting ChromeDriver 88.0.4324.27 (6347fe8bf1e48bd0c54d07dc55ca011cf40861c9-refs/branch-heads/4324@{#450}) on port 48172
Only local connections are allowed.
Please see https://chromedriver.chromium.org/security-considerations for suggestions on keeping ChromeDriver safe.
ChromeDriver was started successfully.
feb 10, 2021 11:22:20 PM org.openqa.selenium.remote.ProtocolHandshake createSession
INFORMACIÓN: Detected dialect: W3C
[Test worker] INFO net.thucydides.core.steps.ConsoleLoggingListener - 
        __    _____ _____ ____ _____   ____   _    ____  ____  _____ ____  
  _     \ \  |_   _| ____/ ___|_   _| |  _ \ / \  / ___|/ ___|| ____|  _ \ 
 (_)_____| |   | | |  _| \___ \ | |   | |_) / _ \ \___ \\___ \|  _| | | | |
  _|_____| |   | | | |___ ___) || |   |  __/ ___ \ ___) |___) | |___| |_| |
 (_)     | |   |_| |_____|____/ |_|   |_| /_/   \_\____/|____/|_____|____/ 
        /_/                                                                

TEST PASSED: Seleccionar Paseos
----------------------------------------------------------------------------
]]></system-err>
</testsuite>
